[log created on 2015.10.01.16.58.53]
Found 401 paragraphs
All paragraphs complete
Inserted 705 Goto-Paragraph marks
Inserted 22 Test-your-Luck marks
Inserted 68 Fight marks in paragraphs 8, 16, 19(x2), 20(x4), 33, 39, 41, 61, 86, 108, 116(x2), 140(x6), 142, 143, 152, 158, 161(x6), 163, 179, 188, 199(x2), 230, 236(x3), 240, 248, 249, 251, 282(x4), 289, 304, 309(x3), 331, 333, 338, 350(x2), 365(x5), 372(x2), 377, 394
Found bitmap "36.bmp"
Ok. 528 bytes added at beginning of paragraph #36
Found bitmap "71.bmp"
Ok. 528 bytes added at beginning of paragraph #71
Found bitmap "143.bmp"
Ok. 528 bytes added at beginning of paragraph #143
Found bitmap "168.bmp"
Ok. 528 bytes added at beginning of paragraph #168
Found bitmap "193.bmp"
Ok. 528 bytes added at beginning of paragraph #193
Found bitmap "240.bmp"
Ok. 528 bytes added at beginning of paragraph #240
Found bitmap "275.bmp"
Ok. 528 bytes added at beginning of paragraph #275
Found bitmap "326.bmp"
Ok. 528 bytes added at beginning of paragraph #326
Found bitmap "348.bmp"
Ok. 528 bytes added at beginning of paragraph #348
Found bitmap "358.bmp"
Ok. 528 bytes added at beginning of paragraph #358
Found bitmap "383.bmp"
Ok. 528 bytes added at beginning of paragraph #383
Found bitmap "400.bmp"
Ok. 528 bytes added at beginning of paragraph #400
Found bitmap "1.bmp"
Ok. 528 bytes added at beginning of paragraph #1
Found bitmap "106.bmp"
Ok. 528 bytes added at beginning of paragraph #106
Found bitmap "179.bmp"
Ok. 528 bytes added at beginning of paragraph #179
15 bitmap(s) inserted in the .LDV
"FF01.LDV" and "FF01.cpp" correctly generated in Z:\Arduino LDVELH Maker\Gamebookuino\books+LDV\
